<?xml version="1.0" encoding="UTF-8"?>
<!-- Generated by org.testng.reporters.JUnitReportReporter -->
<testsuite hostname="Rishad" failures="0" tests="1" name="TestRunner.TestRunner" time="20.026" errors="0" timestamp="2023-11-19T13:23:30 CST" skipped="0">
  <testcase classname="TestRunner.TestRunner" name="feature" time="20.026"/>
</testsuite> <!-- TestRunner.TestRunner -->
